<?xml version="1.0" encoding="UTF-8"?>
<testsuite xmlns:xsi="http://www.w3.org/2001/XMLSchema-instance" xsi:noNamespaceSchemaLocation="https://maven.apache.org/surefire/maven-surefire-plugin/xsd/surefire-test-report-3.0.xsd" version="3.0" name="org.example.testRunner.Runners" time="63.555" tests="19" errors="0" skipped="0" failures="3">
  <properties>
[...]
</properties>
  <testcase name="runScenario" classname="org.example.testRunner.Runners" time="4.739"/>
  <testcase name="runScenario" classname="org.example.testRunner.Runners" time="4.074"/>
  <testcase name="runScenario" classname="org.example.testRunner.Runners" time="3.402"/>
  <testcase name="runScenario" classname="org.example.testRunner.Runners" time="2.394"/>
  <testcase name="runScenario" classname="org.example.testRunner.Runners" time="2.441"/>
  <testcase name="runScenario" classname="org.example.testRunner.Runners" time="2.439"/>
  <testcase name="runScenario" classname="org.example.testRunner.Runners" time="2.968"/>
  <testcase name="runScenario" classname="org.example.testRunner.Runners" time="3.714"/>
  <testcase name="runScenario" classname="org.example.testRunner.Runners" time="3.917"/>
  <testcase name="runScenario" classname="org.example.testRunner.Runners" time="3.821"/>
  <testcase name="runScenario" classname="org.example.testRunner.Runners" time="4.632"/>
  <testcase name="runScenario" classname="org.example.testRunner.Runners" time="2.489">
    <failure message="expected [https://demo.nopcommerce.com/nokia-lumia-1020] but found [https://demo.nopcommerce.com/]" type="java.lang.AssertionError"><![CDATA[java.lang.AssertionError: expected [https://demo.nopcommerce.com/nokia-lumia-1020] but found [https://demo.nopcommerce.com/]
]]></failure>
    <system-out><![CDATA[CategoriesStepDef.user_should_go_to_the_sub_category_page_successfully()&amp#27;[0m

@smoke
Scenario: clicking the nokia home slider should direct to the appropriate URL &amp#27;[90m# src/main/resources/features/F06_homeSliders.feature:3&amp#27;[0m
  &amp#27;[32mWhen &amp#27;[0m&amp#27;[32muser clicks on the nokia slider&amp#27;[0m                                        &amp#27;[90m# org.example.stepDefinitions.D06_homeSlidersStepDef.user_clicks_on_the_nokia_slider()&amp#27;[0m
  &amp#27;[31mThen &amp#27;[0m&amp#27;[31mthe user should be directed to the correct nokia product&amp#27;[0m               &amp#27;[90m# org.example.stepDefinitions.D06_homeSlidersStepDef.the_user_should_be_directed_to_the_correct_nokia_product()&amp#27;[0m
]]></system-out>
    <system-err><![CDATA[Starting ChromeDriver 107.0.5304.62 (1eec40d3a5764881c92085aaee66d25075c159aa-refs/branch-heads/5304@{#942}) on port 36360
Only local connections are allowed.
Please see https://chromedriver.chromium.org/security-considerations for suggestions on keeping ChromeDriver safe.
ChromeDriver was started successfully.
]]></system-err>
  </testcase>
  <testcase name="runScenario" classname="org.example.testRunner.Runners" time="2.478">
    <failure message="expected [https://demo.nopcommerce.com/iphone-6] but found [https://demo.nopcommerce.com/]" type="java.lang.AssertionError"><![CDATA[java.lang.AssertionError: expected [https://demo.nopcommerce.com/iphone-6] but found [https://demo.nopcommerce.com/]
]]></failure>
    <system-err><![CDATA[Starting ChromeDriver 107.0.5304.62 (1eec40d3a5764881c92085aaee66d25075c159aa-refs/branch-heads/5304@{#942}) on port 48509
Only local connections are allowed.
Please see https://chromedriver.chromium.org/security-considerations for suggestions on keeping ChromeDriver safe.
ChromeDriver was started successfully.
]]></system-err>
  </testcase>
  <testcase name="runScenario" classname="org.example.testRunner.Runners" time="3.893"/>
  <testcase name="runScenario" classname="org.example.testRunner.Runners" time="3.009"/>
  <testcase name="runScenario" classname="org.example.testRunner.Runners" time="2.39">
    <failure message="Index 1 out of bounds for length 1" type="java.lang.IndexOutOfBoundsException"><![CDATA[java.lang.IndexOutOfBoundsException: Index 1 out of bounds for length 1
]]></failure>
    <system-err><![CDATA[Starting ChromeDriver 107.0.5304.62 (1eec40d3a5764881c92085aaee66d25075c159aa-refs/branch-heads/5304@{#942}) on port 9242
Only local connections are allowed.
Please see https://chromedriver.chromium.org/security-considerations for suggestions on keeping ChromeDriver safe.
ChromeDriver was started successfully.
]]></system-err>
  </testcase>
  <testcase name="runScenario" classname="org.example.testRunner.Runners" time="5.83"/>
  <testcase name="runScenario" classname="org.example.testRunner.Runners" time="2.041"/>
  <testcase name="runScenario" classname="org.example.testRunner.Runners" time="2.058"/>
</testsuite>